<?xml version="1.0" encoding="UTF-8"?>
<!-- Generated by org.testng.reporters.JUnitReportReporter -->
<testsuite skipped="0" hostname="Praweens-MacBook-Pro.local" name="helper.ExcelReader1" tests="1" failures="0" timestamp="04 Oct 2017 23:39:29 GMT" time="0.526" errors="0">
  <testcase name="excelData" time="0.526" classname="helper.ExcelReader1"/>
</testsuite> <!-- helper.ExcelReader1 -->
