<?xml version="1.0" encoding="UTF-8"?>
<!-- Generated by org.testng.reporters.JUnitReportReporter -->
<testsuite skipped="0" hostname="Praweens-MacBook-Pro.local" name="signinLink" tests="1" failures="0" timestamp="14 Oct 2017 23:22:28 GMT" time="6.952" errors="0">
  <testcase name="search" time="6.952" classname="signinLink"/>
</testsuite> <!-- signinLink -->
