<?xml version="1.0" encoding="UTF-8"?>
<!-- Generated by org.testng.reporters.JUnitReportReporter -->
<testsuite skipped="0" hostname="Praweens-MacBook-Pro.local" name="DragAndDrop" tests="1" failures="0" timestamp="03 Dec 2017 21:29:32 GMT" time="1.421" errors="0">
  <testcase name="droppableExample" time="1.421" classname="DragAndDrop"/>
</testsuite> <!-- DragAndDrop -->
