<?xml version="1.0" encoding="UTF-8"?>
<!-- Generated by org.testng.reporters.JUnitReportReporter -->
<testsuite skipped="0" hostname="Praweens-MacBook-Pro.local" name="CaptureScreen" tests="1" failures="0" timestamp="01 Oct 2017 18:02:57 GMT" time="3.219" errors="0">
  <testcase name="facebookscreenshot" time="3.219" classname="CaptureScreen"/>
</testsuite> <!-- CaptureScreen -->
