<?xml version="1.0" encoding="UTF-8"?>
<!-- Generated by org.testng.reporters.JUnitReportReporter -->
<testsuite skipped="0" hostname="Praweens-MacBook-Pro.local" name="NewWindowHandles" tests="1" failures="0" timestamp="27 Jun 2017 18:58:58 GMT" time="4.102" errors="0">
  <testcase name="windowHandle" time="4.102" classname="NewWindowHandles"/>
</testsuite> <!-- NewWindowHandles -->
