<?xml version="1.0" encoding="UTF-8"?>
<!-- Generated by org.testng.reporters.JUnitReportReporter -->
<testsuite skipped="0" hostname="Praweens-MacBook-Pro.local" name="WaitExample" tests="1" failures="0" timestamp="10 Jun 2017 17:02:53 GMT" time="4.960" errors="0">
  <testcase name="fluentWaitExample" time="4.960" classname="WaitExample"/>
</testsuite> <!-- WaitExample -->
