<?xml version="1.0" encoding="UTF-8"?>
<!-- Generated by org.testng.reporters.JUnitReportReporter -->
<testsuite skipped="0" hostname="Praweens-MacBook-Pro.local" name="AlertBrowserNotication" tests="1" failures="0" timestamp="08 Sep 2017 16:35:01 GMT" time="2.976" errors="0">
  <testcase name="fileUploadWithAutoIt" time="2.976" classname="AlertBrowserNotication"/>
</testsuite> <!-- AlertBrowserNotication -->
