<?xml version="1.0" encoding="UTF-8"?>
<!-- Generated by org.testng.reporters.JUnitReportReporter -->
<testsuite skipped="0" hostname="Praweens-MacBook-Pro.local" name="com.puja.webdriver.ExcelRead" tests="1" failures="0" timestamp="04 Oct 2017 22:36:09 GMT" time="0.008" errors="0">
  <testcase name="excel" time="0.008" classname="com.puja.webdriver.ExcelRead"/>
</testsuite> <!-- com.puja.webdriver.ExcelRead -->
