<?xml version="1.0" encoding="UTF-8"?>
<!-- Generated by org.testng.reporters.JUnitReportReporter -->
<testsuite skipped="0" hostname="Praweens-MacBook-Pro.local" name="HiddenElement" tests="1" failures="0" timestamp="03 Oct 2017 01:09:05 GMT" time="19.510" errors="0">
  <testcase name="selecthidden" time="19.510" classname="HiddenElement"/>
</testsuite> <!-- HiddenElement -->
