<?xml version="1.0" encoding="UTF-8"?>
<!-- Generated by org.testng.reporters.JUnitReportReporter -->
<testsuite skipped="1" hostname="Praweens-MacBook-Pro.local" name="WalmartSearchFlow" tests="3" failures="0" timestamp="05 Oct 2017 17:36:53 GMT" time="12.670" errors="0">
  <testcase name="SearchPage" time="8.336" classname="WalmartSearchFlow"/>
  <testcase name="searchProduct" time="4.334" classname="WalmartSearchFlow"/>
  <testcase name="AddToCart" classname="WalmartSearchFlow">
    <skipped/>
  </testcase> <!-- AddToCart -->
</testsuite> <!-- WalmartSearchFlow -->
