<?xml version="1.0" encoding="UTF-8"?>
<!-- Generated by org.testng.reporters.JUnitReportReporter -->
<testsuite skipped="0" hostname="Praweens-MacBook-Pro.local" name="WebElementsExample" tests="1" failures="0" timestamp="19 Jul 2017 02:41:13 GMT" time="10.035" errors="0">
  <testcase name="serchbox" time="10.035" classname="WebElementsExample"/>
</testsuite> <!-- WebElementsExample -->
