<?xml version="1.0" encoding="UTF-8"?>
<!-- Generated by org.testng.reporters.JUnitReportReporter -->
<testsuite skipped="0" hostname="Praweens-MacBook-Pro.local" name="LinkIconLocation" tests="1" failures="0" timestamp="07 Aug 2017 15:18:09 GMT" time="4.763" errors="0">
  <testcase name="getLocationTwitter" time="4.763" classname="LinkIconLocation"/>
</testsuite> <!-- LinkIconLocation -->
